1615802386.072307 client started (34830): version 3.1c, socket /private/tmp/tmux-319654812/default, protocol 8
1615802386.072356 on Darwin 19.6.0 Darwin Kernel Version 19.6.0: Tue Jan 12 22:13:05 PST 2021; root:xnu-6153.141.16~1/RELEASE_X86_64; libevent 2.1.12-stable (select)
1615802386.072401 socket is /private/tmp/tmux-319654812/default
1615802386.072421 trying connect
1615802386.072500 add peer 0x7fc7c7d31000: 6 (0x0)
1615802386.073609 sending message 100 to peer 0x7fc7c7d31000 (4 bytes)
1615802386.073629 sending message 101 to peer 0x7fc7c7d31000 (15 bytes)
1615802386.073640 sending message 102 to peer 0x7fc7c7d31000 (13 bytes)
1615802386.073647 sending message 108 to peer 0x7fc7c7d31000 (31 bytes)
1615802386.073662 sending message 104 to peer 0x7fc7c7d31000 (0 bytes)
1615802386.073670 sending message 107 to peer 0x7fc7c7d31000 (4 bytes)
1615802386.073676 sending message 105 to peer 0x7fc7c7d31000 (60 bytes)
1615802386.073683 sending message 105 to peer 0x7fc7c7d31000 (66 bytes)
1615802386.073690 sending message 105 to peer 0x7fc7c7d31000 (26 bytes)
1615802386.073697 sending message 105 to peer 0x7fc7c7d31000 (15 bytes)
1615802386.073703 sending message 105 to peer 0x7fc7c7d31000 (22 bytes)
1615802386.073710 sending message 105 to peer 0x7fc7c7d31000 (14 bytes)
1615802386.073716 sending message 105 to peer 0x7fc7c7d31000 (17 bytes)
1615802386.073723 sending message 105 to peer 0x7fc7c7d31000 (35 bytes)
1615802386.073729 sending message 105 to peer 0x7fc7c7d31000 (15 bytes)
1615802386.073736 sending message 105 to peer 0x7fc7c7d31000 (27 bytes)
1615802386.073743 sending message 105 to peer 0x7fc7c7d31000 (23 bytes)
1615802386.073749 sending message 105 to peer 0x7fc7c7d31000 (842 bytes)
1615802386.073756 sending message 105 to peer 0x7fc7c7d31000 (19 bytes)
1615802386.073763 sending message 105 to peer 0x7fc7c7d31000 (20 bytes)
1615802386.073769 sending message 105 to peer 0x7fc7c7d31000 (20 bytes)
1615802386.073776 sending message 105 to peer 0x7fc7c7d31000 (20 bytes)
1615802386.073782 sending message 105 to peer 0x7fc7c7d31000 (57 bytes)
1615802386.073789 sending message 105 to peer 0x7fc7c7d31000 (13 bytes)
1615802386.073796 sending message 105 to peer 0x7fc7c7d31000 (19 bytes)
1615802386.073802 sending message 105 to peer 0x7fc7c7d31000 (16 bytes)
1615802386.073809 sending message 105 to peer 0x7fc7c7d31000 (61 bytes)
1615802386.073815 sending message 105 to peer 0x7fc7c7d31000 (32 bytes)
1615802386.073822 sending message 105 to peer 0x7fc7c7d31000 (8 bytes)
1615802386.073828 sending message 105 to peer 0x7fc7c7d31000 (28 bytes)
1615802386.073835 sending message 105 to peer 0x7fc7c7d31000 (30 bytes)
1615802386.073842 sending message 105 to peer 0x7fc7c7d31000 (10 bytes)
1615802386.073848 sending message 105 to peer 0x7fc7c7d31000 (17 bytes)
1615802386.073855 sending message 105 to peer 0x7fc7c7d31000 (11 bytes)
1615802386.073861 sending message 105 to peer 0x7fc7c7d31000 (8 bytes)
1615802386.073868 sending message 105 to peer 0x7fc7c7d31000 (32 bytes)
1615802386.073874 sending message 105 to peer 0x7fc7c7d31000 (28 bytes)
1615802386.073881 sending message 105 to peer 0x7fc7c7d31000 (16 bytes)
1615802386.073888 sending message 105 to peer 0x7fc7c7d31000 (55 bytes)
1615802386.073894 sending message 105 to peer 0x7fc7c7d31000 (64 bytes)
1615802386.073901 sending message 105 to peer 0x7fc7c7d31000 (15 bytes)
1615802386.073907 sending message 105 to peer 0x7fc7c7d31000 (29 bytes)
1615802386.073914 sending message 105 to peer 0x7fc7c7d31000 (21 bytes)
1615802386.073920 sending message 105 to peer 0x7fc7c7d31000 (29 bytes)
1615802386.073927 sending message 105 to peer 0x7fc7c7d31000 (38 bytes)
1615802386.073934 sending message 105 to peer 0x7fc7c7d31000 (43 bytes)
1615802386.073940 sending message 105 to peer 0x7fc7c7d31000 (39 bytes)
1615802386.073947 sending message 105 to peer 0x7fc7c7d31000 (48 bytes)
1615802386.073953 sending message 105 to peer 0x7fc7c7d31000 (47 bytes)
1615802386.073960 sending message 105 to peer 0x7fc7c7d31000 (15 bytes)
1615802386.073967 sending message 105 to peer 0x7fc7c7d31000 (14 bytes)
1615802386.073973 sending message 105 to peer 0x7fc7c7d31000 (32 bytes)
1615802386.074001 sending message 105 to peer 0x7fc7c7d31000 (31 bytes)
1615802386.074006 sending message 105 to peer 0x7fc7c7d31000 (56 bytes)
1615802386.074010 sending message 105 to peer 0x7fc7c7d31000 (12 bytes)
1615802386.074015 sending message 105 to peer 0x7fc7c7d31000 (22 bytes)
1615802386.074019 sending message 105 to peer 0x7fc7c7d31000 (22 bytes)
1615802386.074023 sending message 106 to peer 0x7fc7c7d31000 (0 bytes)
1615802386.074030 sending message 200 to peer 0x7fc7c7d31000 (4 bytes)
1615802386.074034 client loop enter
1615802386.075575 peer 0x7fc7c7d31000 message 207
1615802386.075598 sending message 208 to peer 0x7fc7c7d31000 (0 bytes)
1615802386.085888 peer 0x7fc7c7d31000 message 203
1615802386.085921 sending message 205 to peer 0x7fc7c7d31000 (0 bytes)
1615802386.086139 peer 0x7fc7c7d31000 message 204
1615802386.086156 client loop exit
